computerdatabase.angularems	a	RUN	1440677828752	f	2.0
EMS Scenario	8351387403939790198-0	USER	START	1440677828801	0
EMS Scenario	8351387403939790198-0	REQUEST		Home Page	1440677828826	1440677828829	1440677828839	1440677828839	OK	 
EMS Scenario	8351387403939790198-1	USER	START	1440677828915	0
EMS Scenario	8351387403939790198-1	REQUEST		Home Page	1440677828916	1440677828917	1440677828919	1440677828919	OK	 
EMS Scenario	8351387403939790198-2	USER	START	1440677829016	0
EMS Scenario	8351387403939790198-2	REQUEST		Home Page	1440677829017	1440677829022	1440677829033	1440677829033	OK	 
EMS Scenario	8351387403939790198-3	USER	START	1440677829117	0
EMS Scenario	8351387403939790198-3	REQUEST		Home Page	1440677829118	1440677829123	1440677829130	1440677829130	OK	 
EMS Scenario	8351387403939790198-4	USER	START	1440677829214	0
EMS Scenario	8351387403939790198-4	REQUEST		Home Page	1440677829216	1440677829224	1440677829229	1440677829229	OK	 
EMS Scenario	8351387403939790198-5	USER	START	1440677829314	0
EMS Scenario	8351387403939790198-5	REQUEST		Home Page	1440677829315	1440677829318	1440677829322	1440677829322	OK	 
EMS Scenario	8351387403939790198-6	USER	START	1440677829415	0
EMS Scenario	8351387403939790198-6	REQUEST		Home Page	1440677829416	1440677829420	1440677829426	1440677829426	OK	 
EMS Scenario	8351387403939790198-7	USER	START	1440677829515	0
EMS Scenario	8351387403939790198-7	REQUEST		Home Page	1440677829517	1440677829522	1440677829529	1440677829529	OK	 
EMS Scenario	8351387403939790198-8	USER	START	1440677829615	0
EMS Scenario	8351387403939790198-8	REQUEST		Home Page	1440677829617	1440677829621	1440677829626	1440677829626	OK	 
EMS Scenario	8351387403939790198-9	USER	START	1440677829716	0
EMS Scenario	8351387403939790198-9	REQUEST		Home Page	1440677829717	1440677829723	1440677829730	1440677829730	OK	 
EMS Scenario	8351387403939790198-10	USER	START	1440677829816	0
EMS Scenario	8351387403939790198-10	REQUEST		Home Page	1440677829817	1440677829824	1440677829833	1440677829833	OK	 
EMS Scenario	8351387403939790198-11	USER	START	1440677829916	0
EMS Scenario	8351387403939790198-11	REQUEST		Home Page	1440677829916	1440677829918	1440677829919	1440677829919	OK	 
EMS Scenario	8351387403939790198-12	USER	START	1440677830017	0
EMS Scenario	8351387403939790198-12	REQUEST		Home Page	1440677830018	1440677830023	1440677830027	1440677830027	OK	 
EMS Scenario	8351387403939790198-13	USER	START	1440677830115	0
EMS Scenario	8351387403939790198-13	REQUEST		Home Page	1440677830116	1440677830122	1440677830128	1440677830128	OK	 
EMS Scenario	8351387403939790198-14	USER	START	1440677830215	0
EMS Scenario	8351387403939790198-14	REQUEST		Home Page	1440677830217	1440677830222	1440677830227	1440677830227	OK	 
EMS Scenario	8351387403939790198-15	USER	START	1440677830315	0
EMS Scenario	8351387403939790198-15	REQUEST		Home Page	1440677830317	1440677830323	1440677830327	1440677830327	OK	 
EMS Scenario	8351387403939790198-16	USER	START	1440677830416	0
EMS Scenario	8351387403939790198-16	REQUEST		Home Page	1440677830417	1440677830424	1440677830427	1440677830427	OK	 
EMS Scenario	8351387403939790198-17	USER	START	1440677830515	0
EMS Scenario	8351387403939790198-17	REQUEST		Home Page	1440677830516	1440677830520	1440677830522	1440677830522	OK	 
EMS Scenario	8351387403939790198-18	USER	START	1440677830616	0
EMS Scenario	8351387403939790198-18	REQUEST		Home Page	1440677830618	1440677830622	1440677830627	1440677830627	OK	 
EMS Scenario	8351387403939790198-19	USER	START	1440677830716	0
EMS Scenario	8351387403939790198-19	REQUEST		Home Page	1440677830718	1440677830722	1440677830726	1440677830726	OK	 
EMS Scenario	8351387403939790198-20	USER	START	1440677830817	0
EMS Scenario	8351387403939790198-20	REQUEST		Home Page	1440677830818	1440677830823	1440677830827	1440677830827	OK	 
EMS Scenario	8351387403939790198-21	USER	START	1440677830917	0
EMS Scenario	8351387403939790198-21	REQUEST		Home Page	1440677830918	1440677830924	1440677830932	1440677830933	OK	 
EMS Scenario	8351387403939790198-22	USER	START	1440677831017	0
EMS Scenario	8351387403939790198-22	REQUEST		Home Page	1440677831018	1440677831020	1440677831023	1440677831023	OK	 
EMS Scenario	8351387403939790198-23	USER	START	1440677831114	0
EMS Scenario	8351387403939790198-23	REQUEST		Home Page	1440677831115	1440677831117	1440677831118	1440677831118	OK	 
EMS Scenario	8351387403939790198-24	USER	START	1440677831215	0
EMS Scenario	8351387403939790198-24	REQUEST		Home Page	1440677831216	1440677831218	1440677831221	1440677831221	OK	 
EMS Scenario	8351387403939790198-25	USER	START	1440677831315	0
EMS Scenario	8351387403939790198-25	REQUEST		Home Page	1440677831316	1440677831320	1440677831323	1440677831323	OK	 
EMS Scenario	8351387403939790198-26	USER	START	1440677831415	0
EMS Scenario	8351387403939790198-26	REQUEST		Home Page	1440677831416	1440677831419	1440677831422	1440677831422	OK	 
EMS Scenario	8351387403939790198-27	USER	START	1440677831515	0
EMS Scenario	8351387403939790198-27	REQUEST		Home Page	1440677831516	1440677831518	1440677831519	1440677831519	OK	 
EMS Scenario	8351387403939790198-28	USER	START	1440677831616	0
EMS Scenario	8351387403939790198-28	REQUEST		Home Page	1440677831616	1440677831618	1440677831619	1440677831619	OK	 
EMS Scenario	8351387403939790198-29	USER	START	1440677831716	0
EMS Scenario	8351387403939790198-29	REQUEST		Home Page	1440677831717	1440677831718	1440677831720	1440677831720	OK	 
EMS Scenario	8351387403939790198-30	USER	START	1440677831814	0
EMS Scenario	8351387403939790198-30	REQUEST		Home Page	1440677831814	1440677831816	1440677831817	1440677831817	OK	 
EMS Scenario	8351387403939790198-31	USER	START	1440677831917	0
EMS Scenario	8351387403939790198-31	REQUEST		Home Page	1440677831917	1440677831919	1440677831921	1440677831921	OK	 
EMS Scenario	8351387403939790198-32	USER	START	1440677832014	0
EMS Scenario	8351387403939790198-32	REQUEST		Home Page	1440677832015	1440677832017	1440677832018	1440677832018	OK	 
EMS Scenario	8351387403939790198-33	USER	START	1440677832115	0
EMS Scenario	8351387403939790198-33	REQUEST		Home Page	1440677832115	1440677832117	1440677832121	1440677832121	OK	 
EMS Scenario	8351387403939790198-34	USER	START	1440677832215	0
EMS Scenario	8351387403939790198-34	REQUEST		Home Page	1440677832215	1440677832217	1440677832219	1440677832219	OK	 
EMS Scenario	8351387403939790198-35	USER	START	1440677832315	0
EMS Scenario	8351387403939790198-35	REQUEST		Home Page	1440677832316	1440677832318	1440677832319	1440677832319	OK	 
EMS Scenario	8351387403939790198-36	USER	START	1440677832416	0
EMS Scenario	8351387403939790198-36	REQUEST		Home Page	1440677832416	1440677832418	1440677832419	1440677832419	OK	 
EMS Scenario	8351387403939790198-37	USER	START	1440677832516	0
EMS Scenario	8351387403939790198-37	REQUEST		Home Page	1440677832516	1440677832518	1440677832519	1440677832519	OK	 
EMS Scenario	8351387403939790198-38	USER	START	1440677832616	0
EMS Scenario	8351387403939790198-38	REQUEST		Home Page	1440677832617	1440677832618	1440677832619	1440677832619	OK	 
EMS Scenario	8351387403939790198-39	USER	START	1440677832716	0
EMS Scenario	8351387403939790198-39	REQUEST		Home Page	1440677832717	1440677832718	1440677832720	1440677832720	OK	 
EMS Scenario	8351387403939790198-40	USER	START	1440677832817	0
EMS Scenario	8351387403939790198-40	REQUEST		Home Page	1440677832817	1440677832818	1440677832819	1440677832819	OK	 
EMS Scenario	8351387403939790198-41	USER	START	1440677832917	0
EMS Scenario	8351387403939790198-41	REQUEST		Home Page	1440677832918	1440677832919	1440677832920	1440677832920	OK	 
EMS Scenario	8351387403939790198-42	USER	START	1440677833015	0
EMS Scenario	8351387403939790198-42	REQUEST		Home Page	1440677833015	1440677833016	1440677833017	1440677833017	OK	 
EMS Scenario	8351387403939790198-43	USER	START	1440677833115	0
EMS Scenario	8351387403939790198-43	REQUEST		Home Page	1440677833115	1440677833116	1440677833117	1440677833117	OK	 
EMS Scenario	8351387403939790198-44	USER	START	1440677833215	0
EMS Scenario	8351387403939790198-44	REQUEST		Home Page	1440677833216	1440677833217	1440677833218	1440677833218	OK	 
EMS Scenario	8351387403939790198-45	USER	START	1440677833315	0
EMS Scenario	8351387403939790198-45	REQUEST		Home Page	1440677833316	1440677833317	1440677833318	1440677833318	OK	 
EMS Scenario	8351387403939790198-46	USER	START	1440677833416	0
EMS Scenario	8351387403939790198-46	REQUEST		Home Page	1440677833416	1440677833417	1440677833418	1440677833418	OK	 
EMS Scenario	8351387403939790198-47	USER	START	1440677833516	0
EMS Scenario	8351387403939790198-47	REQUEST		Home Page	1440677833517	1440677833518	1440677833519	1440677833519	OK	 
EMS Scenario	8351387403939790198-48	USER	START	1440677833614	0
EMS Scenario	8351387403939790198-48	REQUEST		Home Page	1440677833614	1440677833615	1440677833616	1440677833616	OK	 
EMS Scenario	8351387403939790198-49	USER	START	1440677833714	0
EMS Scenario	8351387403939790198-49	REQUEST		Home Page	1440677833715	1440677833716	1440677833717	1440677833717	OK	 
EMS Scenario	8351387403939790198-50	USER	START	1440677833814	0
EMS Scenario	8351387403939790198-50	REQUEST		Home Page	1440677833815	1440677833816	1440677833817	1440677833817	OK	 
EMS Scenario	8351387403939790198-51	USER	START	1440677833915	0
EMS Scenario	8351387403939790198-51	REQUEST		Home Page	1440677833916	1440677833919	1440677833921	1440677833921	OK	 
EMS Scenario	8351387403939790198-52	USER	START	1440677834016	0
EMS Scenario	8351387403939790198-52	REQUEST		Home Page	1440677834017	1440677834020	1440677834023	1440677834023	OK	 
EMS Scenario	8351387403939790198-53	USER	START	1440677834117	0
EMS Scenario	8351387403939790198-53	REQUEST		Home Page	1440677834119	1440677834121	1440677834123	1440677834123	OK	 
EMS Scenario	8351387403939790198-54	USER	START	1440677834216	0
EMS Scenario	8351387403939790198-54	REQUEST		Home Page	1440677834218	1440677834224	1440677834230	1440677834230	OK	 
EMS Scenario	8351387403939790198-55	USER	START	1440677834316	0
EMS Scenario	8351387403939790198-55	REQUEST		Home Page	1440677834317	1440677834319	1440677834320	1440677834320	OK	 
EMS Scenario	8351387403939790198-56	USER	START	1440677834416	0
EMS Scenario	8351387403939790198-56	REQUEST		Home Page	1440677834416	1440677834417	1440677834418	1440677834418	OK	 
EMS Scenario	8351387403939790198-57	USER	START	1440677834517	0
EMS Scenario	8351387403939790198-57	REQUEST		Home Page	1440677834518	1440677834520	1440677834523	1440677834523	OK	 
EMS Scenario	8351387403939790198-58	USER	START	1440677834617	0
EMS Scenario	8351387403939790198-58	REQUEST		Home Page	1440677834619	1440677834621	1440677834625	1440677834625	OK	 
EMS Scenario	8351387403939790198-59	USER	START	1440677834719	0
EMS Scenario	8351387403939790198-59	REQUEST		Home Page	1440677834720	1440677834722	1440677834724	1440677834724	OK	 
EMS Scenario	8351387403939790198-60	USER	START	1440677834815	0
EMS Scenario	8351387403939790198-60	REQUEST		Home Page	1440677834815	1440677834817	1440677834819	1440677834819	OK	 
EMS Scenario	8351387403939790198-61	USER	START	1440677834915	0
EMS Scenario	8351387403939790198-61	REQUEST		Home Page	1440677834917	1440677834920	1440677834924	1440677834924	OK	 
EMS Scenario	8351387403939790198-62	USER	START	1440677835016	0
EMS Scenario	8351387403939790198-62	REQUEST		Home Page	1440677835017	1440677835020	1440677835024	1440677835024	OK	 
EMS Scenario	8351387403939790198-63	USER	START	1440677835116	0
EMS Scenario	8351387403939790198-63	REQUEST		Home Page	1440677835118	1440677835120	1440677835124	1440677835124	OK	 
EMS Scenario	8351387403939790198-64	USER	START	1440677835216	0
EMS Scenario	8351387403939790198-64	REQUEST		Home Page	1440677835218	1440677835221	1440677835224	1440677835224	OK	 
EMS Scenario	8351387403939790198-65	USER	START	1440677835316	0
EMS Scenario	8351387403939790198-65	REQUEST		Home Page	1440677835318	1440677835321	1440677835323	1440677835323	OK	 
EMS Scenario	8351387403939790198-66	USER	START	1440677835414	0
EMS Scenario	8351387403939790198-66	REQUEST		Home Page	1440677835416	1440677835418	1440677835421	1440677835422	OK	 
EMS Scenario	8351387403939790198-67	USER	START	1440677835514	0
EMS Scenario	8351387403939790198-67	REQUEST		Home Page	1440677835515	1440677835516	1440677835517	1440677835517	OK	 
EMS Scenario	8351387403939790198-68	USER	START	1440677835617	0
EMS Scenario	8351387403939790198-68	REQUEST		Home Page	1440677835617	1440677835618	1440677835621	1440677835621	OK	 
EMS Scenario	8351387403939790198-69	USER	START	1440677835715	0
EMS Scenario	8351387403939790198-69	REQUEST		Home Page	1440677835717	1440677835720	1440677835723	1440677835723	OK	 
EMS Scenario	8351387403939790198-70	USER	START	1440677835815	0
EMS Scenario	8351387403939790198-70	REQUEST		Home Page	1440677835817	1440677835820	1440677835825	1440677835825	OK	 
EMS Scenario	8351387403939790198-71	USER	START	1440677835925	0
EMS Scenario	8351387403939790198-71	REQUEST		Home Page	1440677835926	1440677835928	1440677835930	1440677835930	OK	 
EMS Scenario	8351387403939790198-72	USER	START	1440677836017	0
EMS Scenario	8351387403939790198-72	REQUEST		Home Page	1440677836019	1440677836022	1440677836025	1440677836025	OK	 
EMS Scenario	8351387403939790198-73	USER	START	1440677836115	0
EMS Scenario	8351387403939790198-73	REQUEST		Home Page	1440677836116	1440677836119	1440677836122	1440677836122	OK	 
EMS Scenario	8351387403939790198-74	USER	START	1440677836215	0
EMS Scenario	8351387403939790198-74	REQUEST		Home Page	1440677836217	1440677836220	1440677836223	1440677836223	OK	 
EMS Scenario	8351387403939790198-75	USER	START	1440677836316	0
EMS Scenario	8351387403939790198-75	REQUEST		Home Page	1440677836317	1440677836320	1440677836323	1440677836323	OK	 
EMS Scenario	8351387403939790198-76	USER	START	1440677836416	0
EMS Scenario	8351387403939790198-76	REQUEST		Home Page	1440677836417	1440677836420	1440677836425	1440677836425	OK	 
EMS Scenario	8351387403939790198-77	USER	START	1440677836516	0
EMS Scenario	8351387403939790198-77	REQUEST		Home Page	1440677836517	1440677836527	1440677836530	1440677836530	OK	 
EMS Scenario	8351387403939790198-78	USER	START	1440677836616	0
EMS Scenario	8351387403939790198-78	REQUEST		Home Page	1440677836617	1440677836617	1440677836622	1440677836622	OK	 
EMS Scenario	8351387403939790198-79	USER	START	1440677836716	0
EMS Scenario	8351387403939790198-79	REQUEST		Home Page	1440677836717	1440677836719	1440677836722	1440677836722	OK	 
EMS Scenario	8351387403939790198-80	USER	START	1440677836817	0
EMS Scenario	8351387403939790198-80	REQUEST		Home Page	1440677836818	1440677836820	1440677836822	1440677836822	OK	 
EMS Scenario	8351387403939790198-81	USER	START	1440677836917	0
EMS Scenario	8351387403939790198-81	REQUEST		Home Page	1440677836919	1440677836922	1440677836926	1440677836926	OK	 
EMS Scenario	8351387403939790198-82	USER	START	1440677837016	0
EMS Scenario	8351387403939790198-82	REQUEST		Home Page	1440677837018	1440677837021	1440677837026	1440677837026	OK	 
EMS Scenario	8351387403939790198-83	USER	START	1440677837117	0
EMS Scenario	8351387403939790198-83	REQUEST		Home Page	1440677837118	1440677837121	1440677837127	1440677837127	OK	 
EMS Scenario	8351387403939790198-84	USER	START	1440677837217	0
EMS Scenario	8351387403939790198-84	REQUEST		Home Page	1440677837219	1440677837221	1440677837227	1440677837227	OK	 
EMS Scenario	8351387403939790198-85	USER	START	1440677837317	0
EMS Scenario	8351387403939790198-85	REQUEST		Home Page	1440677837318	1440677837321	1440677837326	1440677837326	OK	 
EMS Scenario	8351387403939790198-86	USER	START	1440677837415	0
EMS Scenario	8351387403939790198-86	REQUEST		Home Page	1440677837417	1440677837419	1440677837424	1440677837424	OK	 
EMS Scenario	8351387403939790198-87	USER	START	1440677837515	0
EMS Scenario	8351387403939790198-87	REQUEST		Home Page	1440677837517	1440677837520	1440677837524	1440677837524	OK	 
EMS Scenario	8351387403939790198-88	USER	START	1440677837616	0
EMS Scenario	8351387403939790198-88	REQUEST		Home Page	1440677837617	1440677837620	1440677837625	1440677837625	OK	 
EMS Scenario	8351387403939790198-89	USER	START	1440677837716	0
EMS Scenario	8351387403939790198-89	REQUEST		Home Page	1440677837717	1440677837718	1440677837722	1440677837722	OK	 
EMS Scenario	8351387403939790198-90	USER	START	1440677837816	0
EMS Scenario	8351387403939790198-90	REQUEST		Home Page	1440677837816	1440677837817	1440677837818	1440677837818	OK	 
EMS Scenario	8351387403939790198-91	USER	START	1440677837916	0
EMS Scenario	8351387403939790198-91	REQUEST		Home Page	1440677837917	1440677837919	1440677837922	1440677837922	OK	 
EMS Scenario	8351387403939790198-92	USER	START	1440677838014	0
EMS Scenario	8351387403939790198-92	REQUEST		Home Page	1440677838016	1440677838018	1440677838023	1440677838023	OK	 
EMS Scenario	8351387403939790198-93	USER	START	1440677838114	0
EMS Scenario	8351387403939790198-93	REQUEST		Home Page	1440677838116	1440677838120	1440677838124	1440677838124	OK	 
EMS Scenario	8351387403939790198-94	USER	START	1440677838215	0
EMS Scenario	8351387403939790198-94	REQUEST		Home Page	1440677838216	1440677838220	1440677838224	1440677838224	OK	 
EMS Scenario	8351387403939790198-95	USER	START	1440677838315	0
EMS Scenario	8351387403939790198-95	REQUEST		Home Page	1440677838315	1440677838316	1440677838317	1440677838317	OK	 
EMS Scenario	8351387403939790198-96	USER	START	1440677838415	0
EMS Scenario	8351387403939790198-96	REQUEST		Home Page	1440677838417	1440677838420	1440677838424	1440677838424	OK	 
EMS Scenario	8351387403939790198-97	USER	START	1440677838516	0
EMS Scenario	8351387403939790198-97	REQUEST		Home Page	1440677838517	1440677838520	1440677838530	1440677838530	OK	 
EMS Scenario	8351387403939790198-98	USER	START	1440677838617	0
EMS Scenario	8351387403939790198-98	REQUEST		Home Page	1440677838618	1440677838621	1440677838626	1440677838626	OK	 
EMS Scenario	8351387403939790198-99	USER	START	1440677838715	0
EMS Scenario	8351387403939790198-99	REQUEST		Home Page	1440677838716	1440677838719	1440677838723	1440677838723	OK	 
EMS Scenario	8351387403939790198-0	REQUEST		request_add	1440677838858	1440677838858	1440677838860	1440677838860	KO	status.find.in(200,304,201,202,203,204,205,206,207,208,209), but actually found 404
EMS Scenario	8351387403939790198-1	REQUEST		request_add	1440677838935	1440677838935	1440677838936	1440677838936	KO	status.find.in(200,304,201,202,203,204,205,206,207,208,209), but actually found 404
EMS Scenario	8351387403939790198-2	REQUEST		request_add	1440677839058	1440677839060	1440677839062	1440677839063	KO	status.find.in(200,304,201,202,203,204,205,206,207,208,209), but actually found 404
EMS Scenario	8351387403939790198-3	REQUEST		request_add	1440677839147	1440677839148	1440677839150	1440677839150	KO	status.find.in(200,304,201,202,203,204,205,206,207,208,209), but actually found 404
EMS Scenario	8351387403939790198-4	REQUEST		request_add	1440677839245	1440677839245	1440677839246	1440677839246	KO	status.find.in(200,304,201,202,203,204,205,206,207,208,209), but actually found 404
EMS Scenario	8351387403939790198-5	REQUEST		request_add	1440677839337	1440677839337	1440677839338	1440677839338	KO	status.find.in(200,304,201,202,203,204,205,206,207,208,209), but actually found 404
EMS Scenario	8351387403939790198-6	REQUEST		request_add	1440677839445	1440677839446	1440677839447	1440677839447	KO	status.find.in(200,304,201,202,203,204,205,206,207,208,209), but actually found 404
EMS Scenario	8351387403939790198-7	REQUEST		request_add	1440677839546	1440677839547	1440677839548	1440677839548	KO	status.find.in(200,304,201,202,203,204,205,206,207,208,209), but actually found 404
EMS Scenario	8351387403939790198-8	REQUEST		request_add	1440677839648	1440677839648	1440677839653	1440677839653	KO	status.find.in(200,304,201,202,203,204,205,206,207,208,209), but actually found 404
EMS Scenario	8351387403939790198-9	REQUEST		request_add	1440677839745	1440677839746	1440677839746	1440677839747	KO	status.find.in(200,304,201,202,203,204,205,206,207,208,209), but actually found 404
EMS Scenario	8351387403939790198-10	REQUEST		request_add	1440677839856	1440677839857	1440677839858	1440677839858	KO	status.find.in(200,304,201,202,203,204,205,206,207,208,209), but actually found 404
EMS Scenario	8351387403939790198-0	REQUEST		list page	1440677839866	1440677839867	1440677839868	1440677839868	OK	 
EMS Scenario	8351387403939790198-11	REQUEST		request_add	1440677839937	1440677839937	1440677839938	1440677839938	KO	status.find.in(200,304,201,202,203,204,205,206,207,208,209), but actually found 404
EMS Scenario	8351387403939790198-1	REQUEST		list page	1440677839947	1440677839947	1440677839948	1440677839948	OK	 
EMS Scenario	8351387403939790198-12	REQUEST		request_add	1440677840045	1440677840046	1440677840047	1440677840047	KO	status.find.in(200,304,201,202,203,204,205,206,207,208,209), but actually found 404
EMS Scenario	8351387403939790198-2	REQUEST		list page	1440677840055	1440677840056	1440677840057	1440677840058	OK	 
EMS Scenario	8351387403939790198-13	REQUEST		request_add	1440677840146	1440677840146	1440677840147	1440677840147	KO	status.find.in(200,304,201,202,203,204,205,206,207,208,209), but actually found 404
EMS Scenario	8351387403939790198-3	REQUEST		list page	1440677840156	1440677840156	1440677840157	1440677840157	OK	 
EMS Scenario	8351387403939790198-14	REQUEST		request_add	1440677840247	1440677840247	1440677840248	1440677840248	KO	status.find.in(200,304,201,202,203,204,205,206,207,208,209), but actually found 404
EMS Scenario	8351387403939790198-4	REQUEST		list page	1440677840257	1440677840257	1440677840258	1440677840258	OK	 
EMS Scenario	8351387403939790198-15	REQUEST		request_add	1440677840345	1440677840345	1440677840346	1440677840346	KO	status.find.in(200,304,201,202,203,204,205,206,207,208,209), but actually found 404
EMS Scenario	8351387403939790198-5	REQUEST		list page	1440677840345	1440677840345	1440677840347	1440677840347	OK	 
EMS Scenario	8351387403939790198-16	REQUEST		request_add	1440677840446	1440677840446	1440677840447	1440677840447	KO	status.find.in(200,304,201,202,203,204,205,206,207,208,209), but actually found 404
EMS Scenario	8351387403939790198-6	REQUEST		list page	1440677840456	1440677840456	1440677840457	1440677840457	OK	 
EMS Scenario	8351387403939790198-17	REQUEST		request_add	1440677840536	1440677840536	1440677840537	1440677840537	KO	status.find.in(200,304,201,202,203,204,205,206,207,208,209), but actually found 404
EMS Scenario	8351387403939790198-7	REQUEST		list page	1440677840556	1440677840557	1440677840559	1440677840559	OK	 
EMS Scenario	8351387403939790198-18	REQUEST		request_add	1440677840646	1440677840646	1440677840649	1440677840649	KO	status.find.in(200,304,201,202,203,204,205,206,207,208,209), but actually found 404
EMS Scenario	8351387403939790198-8	REQUEST		list page	1440677840655	1440677840656	1440677840657	1440677840657	OK	 
EMS Scenario	8351387403939790198-19	REQUEST		request_add	1440677840746	1440677840747	1440677840748	1440677840748	KO	status.find.in(200,304,201,202,203,204,205,206,207,208,209), but actually found 404
EMS Scenario	8351387403939790198-9	REQUEST		list page	1440677840756	1440677840756	1440677840757	1440677840757	OK	 
EMS Scenario	8351387403939790198-20	REQUEST		request_add	1440677840846	1440677840847	1440677840848	1440677840848	KO	status.find.in(200,304,201,202,203,204,205,206,207,208,209), but actually found 404
EMS Scenario	8351387403939790198-10	REQUEST		list page	1440677840856	1440677840856	1440677840940	1440677840940	OK	 
EMS Scenario	8351387403939790198-11	REQUEST		list page	1440677840946	1440677840947	1440677840948	1440677840948	OK	 
EMS Scenario	8351387403939790198-21	REQUEST		request_add	1440677840956	1440677840957	1440677840958	1440677840958	KO	status.find.in(200,304,201,202,203,204,205,206,207,208,209), but actually found 404
EMS Scenario	8351387403939790198-22	REQUEST		request_add	1440677841047	1440677841048	1440677841049	1440677841049	KO	status.find.in(200,304,201,202,203,204,205,206,207,208,209), but actually found 404
EMS Scenario	8351387403939790198-12	REQUEST		list page	1440677841056	1440677841057	1440677841058	1440677841058	OK	 
EMS Scenario	8351387403939790198-23	REQUEST		request_add	1440677841135	1440677841135	1440677841136	1440677841136	KO	status.find.in(200,304,201,202,203,204,205,206,207,208,209), but actually found 404
EMS Scenario	8351387403939790198-13	REQUEST		list page	1440677841157	1440677841157	1440677841163	1440677841163	OK	 
EMS Scenario	8351387403939790198-24	REQUEST		request_add	1440677841236	1440677841236	1440677841238	1440677841238	KO	status.find.in(200,304,201,202,203,204,205,206,207,208,209), but actually found 404
EMS Scenario	8351387403939790198-14	REQUEST		list page	1440677841255	1440677841255	1440677841257	1440677841257	OK	 
EMS Scenario	8351387403939790198-25	REQUEST		request_add	1440677841345	1440677841346	1440677841347	1440677841347	KO	status.find.in(200,304,201,202,203,204,205,206,207,208,209), but actually found 404
EMS Scenario	8351387403939790198-15	REQUEST		list page	1440677841355	1440677841355	1440677841356	1440677841356	OK	 
EMS Scenario	8351387403939790198-26	REQUEST		request_add	1440677841436	1440677841436	1440677841437	1440677841437	KO	status.find.in(200,304,201,202,203,204,205,206,207,208,209), but actually found 404
EMS Scenario	8351387403939790198-16	REQUEST		list page	1440677841455	1440677841456	1440677841458	1440677841458	OK	 
EMS Scenario	8351387403939790198-27	REQUEST		request_add	1440677841538	1440677841539	1440677841542	1440677841542	KO	status.find.in(200,304,201,202,203,204,205,206,207,208,209), but actually found 404
EMS Scenario	8351387403939790198-17	REQUEST		list page	1440677841546	1440677841547	1440677841550	1440677841550	OK	 
EMS Scenario	8351387403939790198-28	REQUEST		request_add	1440677841636	1440677841636	1440677841637	1440677841637	KO	status.find.in(200,304,201,202,203,204,205,206,207,208,209), but actually found 404
EMS Scenario	8351387403939790198-18	REQUEST		list page	1440677841654	1440677841655	1440677841656	1440677841656	OK	 
EMS Scenario	8351387403939790198-29	REQUEST		request_add	1440677841735	1440677841735	1440677841737	1440677841737	KO	status.find.in(200,304,201,202,203,204,205,206,207,208,209), but actually found 404
EMS Scenario	8351387403939790198-19	REQUEST		list page	1440677841747	1440677841748	1440677841750	1440677841750	OK	 
EMS Scenario	8351387403939790198-30	REQUEST		request_add	1440677841836	1440677841837	1440677841838	1440677841838	KO	status.find.in(200,304,201,202,203,204,205,206,207,208,209), but actually found 404
EMS Scenario	8351387403939790198-20	REQUEST		list page	1440677841846	1440677841846	1440677841847	1440677841847	OK	 
EMS Scenario	8351387403939790198-31	REQUEST		request_add	1440677841936	1440677841936	1440677841937	1440677841937	KO	status.find.in(200,304,201,202,203,204,205,206,207,208,209), but actually found 404
EMS Scenario	8351387403939790198-21	REQUEST		list page	1440677841955	1440677841955	1440677841956	1440677841956	OK	 
EMS Scenario	8351387403939790198-32	REQUEST		request_add	1440677842036	1440677842036	1440677842037	1440677842037	KO	status.find.in(200,304,201,202,203,204,205,206,207,208,209), but actually found 404
EMS Scenario	8351387403939790198-22	REQUEST		list page	1440677842045	1440677842045	1440677842046	1440677842046	OK	 
EMS Scenario	8351387403939790198-33	REQUEST		request_add	1440677842135	1440677842135	1440677842136	1440677842136	KO	status.find.in(200,304,201,202,203,204,205,206,207,208,209), but actually found 404
EMS Scenario	8351387403939790198-23	REQUEST		list page	1440677842144	1440677842144	1440677842145	1440677842145	OK	 
EMS Scenario	8351387403939790198-34	REQUEST		request_add	1440677842236	1440677842237	1440677842238	1440677842238	KO	status.find.in(200,304,201,202,203,204,205,206,207,208,209), but actually found 404
EMS Scenario	8351387403939790198-24	REQUEST		list page	1440677842246	1440677842246	1440677842247	1440677842247	OK	 
EMS Scenario	8351387403939790198-35	REQUEST		request_add	1440677842335	1440677842336	1440677842338	1440677842338	KO	status.find.in(200,304,201,202,203,204,205,206,207,208,209), but actually found 404
EMS Scenario	8351387403939790198-25	REQUEST		list page	1440677842346	1440677842346	1440677842348	1440677842348	OK	 
EMS Scenario	8351387403939790198-36	REQUEST		request_add	1440677842435	1440677842436	1440677842437	1440677842437	KO	status.find.in(200,304,201,202,203,204,205,206,207,208,209), but actually found 404
EMS Scenario	8351387403939790198-26	REQUEST		list page	1440677842444	1440677842445	1440677842447	1440677842447	OK	 
EMS Scenario	8351387403939790198-37	REQUEST		request_add	1440677842535	1440677842536	1440677842537	1440677842537	KO	status.find.in(200,304,201,202,203,204,205,206,207,208,209), but actually found 404
EMS Scenario	8351387403939790198-27	REQUEST		list page	1440677842557	1440677842557	1440677842559	1440677842559	OK	 
EMS Scenario	8351387403939790198-38	REQUEST		request_add	1440677842636	1440677842636	1440677842637	1440677842637	KO	status.find.in(200,304,201,202,203,204,205,206,207,208,209), but actually found 404
EMS Scenario	8351387403939790198-28	REQUEST		list page	1440677842646	1440677842646	1440677842647	1440677842647	OK	 
EMS Scenario	8351387403939790198-39	REQUEST		request_add	1440677842736	1440677842736	1440677842737	1440677842737	KO	status.find.in(200,304,201,202,203,204,205,206,207,208,209), but actually found 404
EMS Scenario	8351387403939790198-29	REQUEST		list page	1440677842745	1440677842745	1440677842746	1440677842746	OK	 
EMS Scenario	8351387403939790198-30	REQUEST		list page	1440677842836	1440677842837	1440677842841	1440677842841	OK	 
EMS Scenario	8351387403939790198-40	REQUEST		request_add	1440677842836	1440677842837	1440677842841	1440677842841	KO	status.find.in(200,304,201,202,203,204,205,206,207,208,209), but actually found 404
EMS Scenario	8351387403939790198-41	REQUEST		request_add	1440677842936	1440677842937	1440677842938	1440677842938	KO	status.find.in(200,304,201,202,203,204,205,206,207,208,209), but actually found 404
EMS Scenario	8351387403939790198-31	REQUEST		list page	1440677842946	1440677842946	1440677842948	1440677842948	OK	 
EMS Scenario	8351387403939790198-42	REQUEST		request_add	1440677843036	1440677843037	1440677843038	1440677843038	KO	status.find.in(200,304,201,202,203,204,205,206,207,208,209), but actually found 404
EMS Scenario	8351387403939790198-32	REQUEST		list page	1440677843045	1440677843046	1440677843047	1440677843047	OK	 
EMS Scenario	8351387403939790198-43	REQUEST		request_add	1440677843135	1440677843135	1440677843136	1440677843136	KO	status.find.in(200,304,201,202,203,204,205,206,207,208,209), but actually found 404
EMS Scenario	8351387403939790198-33	REQUEST		list page	1440677843144	1440677843145	1440677843146	1440677843146	OK	 
EMS Scenario	8351387403939790198-44	REQUEST		request_add	1440677843234	1440677843235	1440677843236	1440677843236	KO	status.find.in(200,304,201,202,203,204,205,206,207,208,209), but actually found 404
EMS Scenario	8351387403939790198-34	REQUEST		list page	1440677843246	1440677843246	1440677843247	1440677843247	OK	 
EMS Scenario	8351387403939790198-45	REQUEST		request_add	1440677843337	1440677843337	1440677843338	1440677843338	KO	status.find.in(200,304,201,202,203,204,205,206,207,208,209), but actually found 404
EMS Scenario	8351387403939790198-35	REQUEST		list page	1440677843346	1440677843346	1440677843347	1440677843347	OK	 
EMS Scenario	8351387403939790198-46	REQUEST		request_add	1440677843437	1440677843437	1440677843438	1440677843438	KO	status.find.in(200,304,201,202,203,204,205,206,207,208,209), but actually found 404
EMS Scenario	8351387403939790198-36	REQUEST		list page	1440677843446	1440677843446	1440677843447	1440677843447	OK	 
EMS Scenario	8351387403939790198-47	REQUEST		request_add	1440677843536	1440677843536	1440677843537	1440677843537	KO	status.find.in(200,304,201,202,203,204,205,206,207,208,209), but actually found 404
EMS Scenario	8351387403939790198-37	REQUEST		list page	1440677843546	1440677843548	1440677843556	1440677843556	OK	 
EMS Scenario	8351387403939790198-48	REQUEST		request_add	1440677843636	1440677843636	1440677843638	1440677843638	KO	status.find.in(200,304,201,202,203,204,205,206,207,208,209), but actually found 404
EMS Scenario	8351387403939790198-38	REQUEST		list page	1440677843645	1440677843645	1440677843646	1440677843646	OK	 
EMS Scenario	8351387403939790198-49	REQUEST		request_add	1440677843738	1440677843739	1440677843742	1440677843742	KO	status.find.in(200,304,201,202,203,204,205,206,207,208,209), but actually found 404
EMS Scenario	8351387403939790198-39	REQUEST		list page	1440677843746	1440677843747	1440677843750	1440677843750	OK	 
EMS Scenario	8351387403939790198-50	REQUEST		request_add	1440677843834	1440677843835	1440677843836	1440677843836	KO	status.find.in(200,304,201,202,203,204,205,206,207,208,209), but actually found 404
EMS Scenario	8351387403939790198-40	REQUEST		list page	1440677843846	1440677843846	1440677843847	1440677843847	OK	 
EMS Scenario	8351387403939790198-51	REQUEST		request_add	1440677843937	1440677843938	1440677843939	1440677843939	KO	status.find.in(200,304,201,202,203,204,205,206,207,208,209), but actually found 404
EMS Scenario	8351387403939790198-41	REQUEST		list page	1440677843946	1440677843946	1440677843948	1440677843948	OK	 
EMS Scenario	8351387403939790198-42	REQUEST		list page	1440677844046	1440677844046	1440677844048	1440677844048	OK	 
EMS Scenario	8351387403939790198-52	REQUEST		request_add	1440677844046	1440677844046	1440677844048	1440677844048	KO	status.find.in(200,304,201,202,203,204,205,206,207,208,209), but actually found 404
EMS Scenario	8351387403939790198-43	REQUEST		list page	1440677844146	1440677844146	1440677844148	1440677844148	OK	 
EMS Scenario	8351387403939790198-53	REQUEST		request_add	1440677844146	1440677844146	1440677844147	1440677844147	KO	status.find.in(200,304,201,202,203,204,205,206,207,208,209), but actually found 404
EMS Scenario	8351387403939790198-44	REQUEST		list page	1440677844246	1440677844247	1440677844249	1440677844249	OK	 
EMS Scenario	8351387403939790198-54	REQUEST		request_add	1440677844246	1440677844247	1440677844249	1440677844249	KO	status.find.in(200,304,201,202,203,204,205,206,207,208,209), but actually found 404
EMS Scenario	8351387403939790198-55	REQUEST		request_add	1440677844334	1440677844335	1440677844336	1440677844336	KO	status.find.in(200,304,201,202,203,204,205,206,207,208,209), but actually found 404
EMS Scenario	8351387403939790198-45	REQUEST		list page	1440677844345	1440677844345	1440677844346	1440677844346	OK	 
EMS Scenario	8351387403939790198-56	REQUEST		request_add	1440677844436	1440677844437	1440677844438	1440677844438	KO	status.find.in(200,304,201,202,203,204,205,206,207,208,209), but actually found 404
EMS Scenario	8351387403939790198-46	REQUEST		list page	1440677844446	1440677844446	1440677844447	1440677844447	OK	 
EMS Scenario	8351387403939790198-57	REQUEST		request_add	1440677844547	1440677844548	1440677844551	1440677844551	KO	status.find.in(200,304,201,202,203,204,205,206,207,208,209), but actually found 404
EMS Scenario	8351387403939790198-47	REQUEST		list page	1440677844547	1440677844548	1440677844553	1440677844553	OK	 
EMS Scenario	8351387403939790198-48	REQUEST		list page	1440677844637	1440677844638	1440677844639	1440677844639	OK	 
EMS Scenario	8351387403939790198-58	REQUEST		request_add	1440677844646	1440677844647	1440677844649	1440677844649	KO	status.find.in(200,304,201,202,203,204,205,206,207,208,209), but actually found 404
EMS Scenario	8351387403939790198-49	REQUEST		list page	1440677844736	1440677844737	1440677844738	1440677844738	OK	 
EMS Scenario	8351387403939790198-59	REQUEST		request_add	1440677844746	1440677844746	1440677844747	1440677844747	KO	status.find.in(200,304,201,202,203,204,205,206,207,208,209), but actually found 404
EMS Scenario	8351387403939790198-60	REQUEST		request_add	1440677844837	1440677844837	1440677844838	1440677844838	KO	status.find.in(200,304,201,202,203,204,205,206,207,208,209), but actually found 404
EMS Scenario	8351387403939790198-50	REQUEST		list page	1440677844846	1440677844846	1440677844847	1440677844847	OK	 
EMS Scenario	8351387403939790198-61	REQUEST		request_add	1440677844937	1440677844937	1440677844938	1440677844938	KO	status.find.in(200,304,201,202,203,204,205,206,207,208,209), but actually found 404
EMS Scenario	8351387403939790198-51	REQUEST		list page	1440677844946	1440677844946	1440677844947	1440677844947	OK	 
EMS Scenario	8351387403939790198-62	REQUEST		request_add	1440677845047	1440677845048	1440677845053	1440677845053	KO	status.find.in(200,304,201,202,203,204,205,206,207,208,209), but actually found 404
EMS Scenario	8351387403939790198-52	REQUEST		list page	1440677845047	1440677845047	1440677845054	1440677845054	OK	 
EMS Scenario	8351387403939790198-53	REQUEST		list page	1440677845146	1440677845146	1440677845147	1440677845147	OK	 
EMS Scenario	8351387403939790198-63	REQUEST		request_add	1440677845146	1440677845146	1440677845147	1440677845147	KO	status.find.in(200,304,201,202,203,204,205,206,207,208,209), but actually found 404
EMS Scenario	8351387403939790198-64	REQUEST		request_add	1440677845237	1440677845237	1440677845238	1440677845238	KO	status.find.in(200,304,201,202,203,204,205,206,207,208,209), but actually found 404
EMS Scenario	8351387403939790198-54	REQUEST		list page	1440677845256	1440677845257	1440677845259	1440677845259	OK	 
EMS Scenario	8351387403939790198-55	REQUEST		list page	1440677845346	1440677845346	1440677845347	1440677845347	OK	 
EMS Scenario	8351387403939790198-65	REQUEST		request_add	1440677845346	1440677845346	1440677845347	1440677845347	KO	status.find.in(200,304,201,202,203,204,205,206,207,208,209), but actually found 404
EMS Scenario	8351387403939790198-66	REQUEST		request_add	1440677845435	1440677845435	1440677845436	1440677845436	KO	status.find.in(200,304,201,202,203,204,205,206,207,208,209), but actually found 404
EMS Scenario	8351387403939790198-56	REQUEST		list page	1440677845446	1440677845446	1440677845447	1440677845447	OK	 
EMS Scenario	8351387403939790198-67	REQUEST		request_add	1440677845535	1440677845536	1440677845539	1440677845539	KO	status.find.in(200,304,201,202,203,204,205,206,207,208,209), but actually found 404
EMS Scenario	8351387403939790198-57	REQUEST		list page	1440677845556	1440677845558	1440677845560	1440677845560	OK	 
EMS Scenario	8351387403939790198-68	REQUEST		request_add	1440677845637	1440677845637	1440677845638	1440677845638	KO	status.find.in(200,304,201,202,203,204,205,206,207,208,209), but actually found 404
EMS Scenario	8351387403939790198-58	REQUEST		list page	1440677845646	1440677845647	1440677845648	1440677845648	OK	 
EMS Scenario	8351387403939790198-69	REQUEST		request_add	1440677845737	1440677845737	1440677845738	1440677845738	KO	status.find.in(200,304,201,202,203,204,205,206,207,208,209), but actually found 404
EMS Scenario	8351387403939790198-59	REQUEST		list page	1440677845746	1440677845746	1440677845747	1440677845747	OK	 
EMS Scenario	8351387403939790198-60	REQUEST		list page	1440677845846	1440677845846	1440677845847	1440677845847	OK	 
EMS Scenario	8351387403939790198-70	REQUEST		request_add	1440677845846	1440677845846	1440677845847	1440677845847	KO	status.find.in(200,304,201,202,203,204,205,206,207,208,209), but actually found 404
EMS Scenario	8351387403939790198-71	REQUEST		request_add	1440677845945	1440677845945	1440677845947	1440677845947	KO	status.find.in(200,304,201,202,203,204,205,206,207,208,209), but actually found 404
EMS Scenario	8351387403939790198-61	REQUEST		list page	1440677845945	1440677845945	1440677845948	1440677845948	OK	 
EMS Scenario	8351387403939790198-72	REQUEST		request_add	1440677846046	1440677846047	1440677846048	1440677846048	KO	status.find.in(200,304,201,202,203,204,205,206,207,208,209), but actually found 404
EMS Scenario	8351387403939790198-62	REQUEST		list page	1440677846055	1440677846056	1440677846056	1440677846056	OK	 
EMS Scenario	8351387403939790198-73	REQUEST		request_add	1440677846135	1440677846136	1440677846137	1440677846137	KO	status.find.in(200,304,201,202,203,204,205,206,207,208,209), but actually found 404
EMS Scenario	8351387403939790198-63	REQUEST		list page	1440677846147	1440677846147	1440677846148	1440677846148	OK	 
EMS Scenario	8351387403939790198-74	REQUEST		request_add	1440677846236	1440677846236	1440677846237	1440677846237	KO	status.find.in(200,304,201,202,203,204,205,206,207,208,209), but actually found 404
EMS Scenario	8351387403939790198-64	REQUEST		list page	1440677846247	1440677846248	1440677846250	1440677846250	OK	 
EMS Scenario	8351387403939790198-75	REQUEST		request_add	1440677846349	1440677846350	1440677846354	1440677846354	KO	status.find.in(200,304,201,202,203,204,205,206,207,208,209), but actually found 404
EMS Scenario	8351387403939790198-65	REQUEST		list page	1440677846348	1440677846350	1440677846356	1440677846356	OK	 
EMS Scenario	8351387403939790198-66	REQUEST		list page	1440677846448	1440677846450	1440677846451	1440677846451	OK	 
EMS Scenario	8351387403939790198-76	REQUEST		request_add	1440677846448	1440677846448	1440677846449	1440677846449	KO	status.find.in(200,304,201,202,203,204,205,206,207,208,209), but actually found 404
EMS Scenario	8351387403939790198-77	REQUEST		request_add	1440677846547	1440677846547	1440677846548	1440677846548	KO	status.find.in(200,304,201,202,203,204,205,206,207,208,209), but actually found 404
EMS Scenario	8351387403939790198-67	REQUEST		list page	1440677846547	1440677846547	1440677846548	1440677846548	OK	 
EMS Scenario	8351387403939790198-78	REQUEST		request_add	1440677846636	1440677846636	1440677846637	1440677846637	KO	status.find.in(200,304,201,202,203,204,205,206,207,208,209), but actually found 404
EMS Scenario	8351387403939790198-68	REQUEST		list page	1440677846646	1440677846646	1440677846647	1440677846647	OK	 
EMS Scenario	8351387403939790198-79	REQUEST		request_add	1440677846736	1440677846736	1440677846737	1440677846737	KO	status.find.in(200,304,201,202,203,204,205,206,207,208,209), but actually found 404
EMS Scenario	8351387403939790198-69	REQUEST		list page	1440677846747	1440677846747	1440677846748	1440677846748	OK	 
EMS Scenario	8351387403939790198-80	REQUEST		request_add	1440677846836	1440677846836	1440677846837	1440677846837	KO	status.find.in(200,304,201,202,203,204,205,206,207,208,209), but actually found 404
EMS Scenario	8351387403939790198-70	REQUEST		list page	1440677846847	1440677846847	1440677846848	1440677846848	OK	 
EMS Scenario	8351387403939790198-81	REQUEST		request_add	1440677846946	1440677846947	1440677846949	1440677846949	KO	status.find.in(200,304,201,202,203,204,205,206,207,208,209), but actually found 404
EMS Scenario	8351387403939790198-71	REQUEST		list page	1440677846957	1440677846958	1440677846960	1440677846960	OK	 
EMS Scenario	8351387403939790198-72	REQUEST		list page	1440677847046	1440677847046	1440677847048	1440677847048	OK	 
EMS Scenario	8351387403939790198-82	REQUEST		request_add	1440677847046	1440677847046	1440677847048	1440677847048	KO	status.find.in(200,304,201,202,203,204,205,206,207,208,209), but actually found 404
EMS Scenario	8351387403939790198-73	REQUEST		list page	1440677847146	1440677847146	1440677847148	1440677847148	OK	 
EMS Scenario	8351387403939790198-83	REQUEST		request_add	1440677847146	1440677847146	1440677847148	1440677847148	KO	status.find.in(200,304,201,202,203,204,205,206,207,208,209), but actually found 404
EMS Scenario	8351387403939790198-84	REQUEST		request_add	1440677847246	1440677847246	1440677847247	1440677847247	KO	status.find.in(200,304,201,202,203,204,205,206,207,208,209), but actually found 404
EMS Scenario	8351387403939790198-74	REQUEST		list page	1440677847246	1440677847246	1440677847247	1440677847248	OK	 
EMS Scenario	8351387403939790198-85	REQUEST		request_add	1440677847346	1440677847346	1440677847347	1440677847347	KO	status.find.in(200,304,201,202,203,204,205,206,207,208,209), but actually found 404
EMS Scenario	8351387403939790198-75	REQUEST		list page	1440677847358	1440677847359	1440677847362	1440677847362	OK	 
EMS Scenario	8351387403939790198-76	REQUEST		list page	1440677847446	1440677847446	1440677847495	1440677847495	OK	 
EMS Scenario	8351387403939790198-86	REQUEST		request_add	1440677847446	1440677847446	1440677847495	1440677847495	KO	status.find.in(200,304,201,202,203,204,205,206,207,208,209), but actually found 404
EMS Scenario	8351387403939790198-87	REQUEST		request_add	1440677847545	1440677847546	1440677847552	1440677847552	KO	status.find.in(200,304,201,202,203,204,205,206,207,208,209), but actually found 404
EMS Scenario	8351387403939790198-77	REQUEST		list page	1440677847555	1440677847556	1440677847558	1440677847558	OK	 
EMS Scenario	8351387403939790198-78	REQUEST		list page	1440677847646	1440677847646	1440677847647	1440677847647	OK	 
EMS Scenario	8351387403939790198-88	REQUEST		request_add	1440677847646	1440677847646	1440677847647	1440677847647	KO	status.find.in(200,304,201,202,203,204,205,206,207,208,209), but actually found 404
EMS Scenario	8351387403939790198-89	REQUEST		request_add	1440677847737	1440677847737	1440677847738	1440677847738	KO	status.find.in(200,304,201,202,203,204,205,206,207,208,209), but actually found 404
EMS Scenario	8351387403939790198-79	REQUEST		list page	1440677847746	1440677847746	1440677847747	1440677847747	OK	 
EMS Scenario	8351387403939790198-90	REQUEST		request_add	1440677847837	1440677847837	1440677847838	1440677847838	KO	status.find.in(200,304,201,202,203,204,205,206,207,208,209), but actually found 404
EMS Scenario	8351387403939790198-80	REQUEST		list page	1440677847846	1440677847846	1440677847847	1440677847847	OK	 
EMS Scenario	8351387403939790198-91	REQUEST		request_add	1440677847937	1440677847938	1440677847939	1440677847939	KO	status.find.in(200,304,201,202,203,204,205,206,207,208,209), but actually found 404
EMS Scenario	8351387403939790198-81	REQUEST		list page	1440677847955	1440677847956	1440677847957	1440677847957	OK	 
EMS Scenario	8351387403939790198-92	REQUEST		request_add	1440677848046	1440677848047	1440677848048	1440677848048	KO	status.find.in(200,304,201,202,203,204,205,206,207,208,209), but actually found 404
EMS Scenario	8351387403939790198-82	REQUEST		list page	1440677848046	1440677848047	1440677848049	1440677848049	OK	 
EMS Scenario	8351387403939790198-93	REQUEST		request_add	1440677848146	1440677848146	1440677848147	1440677848147	KO	status.find.in(200,304,201,202,203,204,205,206,207,208,209), but actually found 404
EMS Scenario	8351387403939790198-83	REQUEST		list page	1440677848155	1440677848155	1440677848156	1440677848156	OK	 
EMS Scenario	8351387403939790198-94	REQUEST		request_add	1440677848246	1440677848246	1440677848247	1440677848247	KO	status.find.in(200,304,201,202,203,204,205,206,207,208,209), but actually found 404
EMS Scenario	8351387403939790198-84	REQUEST		list page	1440677848255	1440677848256	1440677848256	1440677848256	OK	 
EMS Scenario	8351387403939790198-95	REQUEST		request_add	1440677848337	1440677848337	1440677848338	1440677848338	KO	status.find.in(200,304,201,202,203,204,205,206,207,208,209), but actually found 404
EMS Scenario	8351387403939790198-85	REQUEST		list page	1440677848346	1440677848346	1440677848347	1440677848347	OK	 
EMS Scenario	8351387403939790198-96	REQUEST		request_add	1440677848451	1440677848452	1440677848454	1440677848454	KO	status.find.in(200,304,201,202,203,204,205,206,207,208,209), but actually found 404
EMS Scenario	8351387403939790198-86	REQUEST		list page	1440677848495	1440677848495	1440677848499	1440677848499	OK	 
EMS Scenario	8351387403939790198-97	REQUEST		request_add	1440677848546	1440677848546	1440677848547	1440677848547	KO	status.find.in(200,304,201,202,203,204,205,206,207,208,209), but actually found 404
EMS Scenario	8351387403939790198-87	REQUEST		list page	1440677848555	1440677848555	1440677848556	1440677848556	OK	 
EMS Scenario	8351387403939790198-88	REQUEST		list page	1440677848647	1440677848648	1440677848650	1440677848650	OK	 
EMS Scenario	8351387403939790198-98	REQUEST		request_add	1440677848647	1440677848648	1440677848650	1440677848650	KO	status.find.in(200,304,201,202,203,204,205,206,207,208,209), but actually found 404
EMS Scenario	8351387403939790198-99	REQUEST		request_add	1440677848735	1440677848736	1440677848737	1440677848737	KO	status.find.in(200,304,201,202,203,204,205,206,207,208,209), but actually found 404
EMS Scenario	8351387403939790198-89	REQUEST		list page	1440677848746	1440677848746	1440677848747	1440677848747	OK	 
EMS Scenario	8351387403939790198-90	REQUEST		list page	1440677848846	1440677848847	1440677848847	1440677848847	OK	 
EMS Scenario	8351387403939790198-91	REQUEST		list page	1440677848947	1440677848948	1440677848951	1440677848951	OK	 
EMS Scenario	8351387403939790198-92	REQUEST		list page	1440677849046	1440677849048	1440677849050	1440677849050	OK	 
EMS Scenario	8351387403939790198-93	REQUEST		list page	1440677849145	1440677849146	1440677849147	1440677849147	OK	 
EMS Scenario	8351387403939790198-94	REQUEST		list page	1440677849246	1440677849250	1440677849253	1440677849253	OK	 
EMS Scenario	8351387403939790198-95	REQUEST		list page	1440677849338	1440677849339	1440677849342	1440677849342	OK	 
EMS Scenario	8351387403939790198-96	REQUEST		list page	1440677849458	1440677849459	1440677849462	1440677849462	OK	 
EMS Scenario	8351387403939790198-97	REQUEST		list page	1440677849558	1440677849559	1440677849562	1440677849562	OK	 
EMS Scenario	8351387403939790198-98	REQUEST		list page	1440677849647	1440677849648	1440677849651	1440677849651	OK	 
EMS Scenario	8351387403939790198-99	REQUEST		list page	1440677849746	1440677849747	1440677849750	1440677849750	OK	 
EMS Scenario	8351387403939790198-0	USER	END	1440677828801	1440677849870
EMS Scenario	8351387403939790198-1	USER	END	1440677828915	1440677849946
EMS Scenario	8351387403939790198-2	USER	END	1440677829016	1440677850068
EMS Scenario	8351387403939790198-3	USER	END	1440677829117	1440677850157
EMS Scenario	8351387403939790198-4	USER	END	1440677829214	1440677850256
EMS Scenario	8351387403939790198-5	USER	END	1440677829314	1440677850349
EMS Scenario	8351387403939790198-6	USER	END	1440677829415	1440677850457
EMS Scenario	8351387403939790198-7	USER	END	1440677829515	1440677850558
EMS Scenario	8351387403939790198-8	USER	END	1440677829615	1440677850656
EMS Scenario	8351387403939790198-9	USER	END	1440677829716	1440677850757
EMS Scenario	8351387403939790198-10	USER	END	1440677829816	1440677850947
EMS Scenario	8351387403939790198-11	USER	END	1440677829916	1440677850948
EMS Scenario	8351387403939790198-12	USER	END	1440677830017	1440677851055
EMS Scenario	8351387403939790198-13	USER	END	1440677830115	1440677851156
EMS Scenario	8351387403939790198-14	USER	END	1440677830215	1440677851256
EMS Scenario	8351387403939790198-15	USER	END	1440677830315	1440677851356
EMS Scenario	8351387403939790198-16	USER	END	1440677830416	1440677851456
EMS Scenario	8351387403939790198-17	USER	END	1440677830515	1440677851548
EMS Scenario	8351387403939790198-18	USER	END	1440677830616	1440677851657
EMS Scenario	8351387403939790198-19	USER	END	1440677830716	1440677851759
EMS Scenario	8351387403939790198-20	USER	END	1440677830817	1440677851858
EMS Scenario	8351387403939790198-21	USER	END	1440677830917	1440677851967
EMS Scenario	8351387403939790198-22	USER	END	1440677831017	1440677852056
EMS Scenario	8351387403939790198-23	USER	END	1440677831114	1440677852145
EMS Scenario	8351387403939790198-24	USER	END	1440677831215	1440677852246
EMS Scenario	8351387403939790198-25	USER	END	1440677831315	1440677852356
EMS Scenario	8351387403939790198-26	USER	END	1440677831415	1440677852447
EMS Scenario	8351387403939790198-27	USER	END	1440677831515	1440677852547
EMS Scenario	8351387403939790198-28	USER	END	1440677831616	1440677852647
EMS Scenario	8351387403939790198-29	USER	END	1440677831716	1440677852747
EMS Scenario	8351387403939790198-30	USER	END	1440677831814	1440677852847
EMS Scenario	8351387403939790198-31	USER	END	1440677831917	1440677852946
EMS Scenario	8351387403939790198-32	USER	END	1440677832014	1440677853046
EMS Scenario	8351387403939790198-33	USER	END	1440677832115	1440677853147
EMS Scenario	8351387403939790198-34	USER	END	1440677832215	1440677853247
EMS Scenario	8351387403939790198-35	USER	END	1440677832315	1440677853346
EMS Scenario	8351387403939790198-36	USER	END	1440677832416	1440677853447
EMS Scenario	8351387403939790198-37	USER	END	1440677832516	1440677853546
EMS Scenario	8351387403939790198-38	USER	END	1440677832616	1440677853648
EMS Scenario	8351387403939790198-39	USER	END	1440677832716	1440677853747
EMS Scenario	8351387403939790198-40	USER	END	1440677832817	1440677853855
EMS Scenario	8351387403939790198-41	USER	END	1440677832917	1440677853946
EMS Scenario	8351387403939790198-42	USER	END	1440677833015	1440677854046
EMS Scenario	8351387403939790198-43	USER	END	1440677833115	1440677854148
EMS Scenario	8351387403939790198-44	USER	END	1440677833215	1440677854246
EMS Scenario	8351387403939790198-45	USER	END	1440677833315	1440677854348
EMS Scenario	8351387403939790198-46	USER	END	1440677833416	1440677854446
EMS Scenario	8351387403939790198-47	USER	END	1440677833516	1440677854555
EMS Scenario	8351387403939790198-48	USER	END	1440677833614	1440677854648
EMS Scenario	8351387403939790198-49	USER	END	1440677833714	1440677854746
EMS Scenario	8351387403939790198-50	USER	END	1440677833814	1440677854847
EMS Scenario	8351387403939790198-51	USER	END	1440677833915	1440677854948
EMS Scenario	8351387403939790198-52	USER	END	1440677834016	1440677855067
EMS Scenario	8351387403939790198-53	USER	END	1440677834117	1440677855147
EMS Scenario	8351387403939790198-54	USER	END	1440677834216	1440677855257
EMS Scenario	8351387403939790198-55	USER	END	1440677834316	1440677855349
EMS Scenario	8351387403939790198-56	USER	END	1440677834416	1440677855447
EMS Scenario	8351387403939790198-57	USER	END	1440677834517	1440677855556
EMS Scenario	8351387403939790198-58	USER	END	1440677834617	1440677855657
EMS Scenario	8351387403939790198-59	USER	END	1440677834719	1440677855756
EMS Scenario	8351387403939790198-60	USER	END	1440677834815	1440677855846
EMS Scenario	8351387403939790198-61	USER	END	1440677834915	1440677855956
EMS Scenario	8351387403939790198-62	USER	END	1440677835016	1440677856057
EMS Scenario	8351387403939790198-63	USER	END	1440677835116	1440677856147
EMS Scenario	8351387403939790198-64	USER	END	1440677835216	1440677856246
EMS Scenario	8351387403939790198-65	USER	END	1440677835316	1440677856359
EMS Scenario	8351387403939790198-66	USER	END	1440677835414	1440677856448
EMS Scenario	8351387403939790198-67	USER	END	1440677835514	1440677856546
EMS Scenario	8351387403939790198-68	USER	END	1440677835617	1440677856647
EMS Scenario	8351387403939790198-69	USER	END	1440677835715	1440677856747
EMS Scenario	8351387403939790198-70	USER	END	1440677835815	1440677856858
EMS Scenario	8351387403939790198-71	USER	END	1440677835925	1440677856956
EMS Scenario	8351387403939790198-72	USER	END	1440677836017	1440677857057
EMS Scenario	8351387403939790198-73	USER	END	1440677836115	1440677857147
EMS Scenario	8351387403939790198-74	USER	END	1440677836215	1440677857258
EMS Scenario	8351387403939790198-75	USER	END	1440677836316	1440677857356
EMS Scenario	8351387403939790198-76	USER	END	1440677836416	1440677857496
EMS Scenario	8351387403939790198-77	USER	END	1440677836516	1440677857557
EMS Scenario	8351387403939790198-78	USER	END	1440677836616	1440677857647
EMS Scenario	8351387403939790198-79	USER	END	1440677836716	1440677857748
EMS Scenario	8351387403939790198-80	USER	END	1440677836817	1440677857848
EMS Scenario	8351387403939790198-81	USER	END	1440677836917	1440677857955
EMS Scenario	8351387403939790198-82	USER	END	1440677837016	1440677858056
EMS Scenario	8351387403939790198-83	USER	END	1440677837117	1440677858157
EMS Scenario	8351387403939790198-84	USER	END	1440677837217	1440677858259
EMS Scenario	8351387403939790198-85	USER	END	1440677837317	1440677858356
EMS Scenario	8351387403939790198-86	USER	END	1440677837415	1440677858496
EMS Scenario	8351387403939790198-87	USER	END	1440677837515	1440677858557
EMS Scenario	8351387403939790198-88	USER	END	1440677837616	1440677858654
EMS Scenario	8351387403939790198-89	USER	END	1440677837716	1440677858748
EMS Scenario	8351387403939790198-90	USER	END	1440677837816	1440677858846
EMS Scenario	8351387403939790198-91	USER	END	1440677837916	1440677858945
EMS Scenario	8351387403939790198-92	USER	END	1440677838014	1440677859046
EMS Scenario	8351387403939790198-93	USER	END	1440677838114	1440677859157
EMS Scenario	8351387403939790198-94	USER	END	1440677838215	1440677859258
EMS Scenario	8351387403939790198-95	USER	END	1440677838315	1440677859348
EMS Scenario	8351387403939790198-96	USER	END	1440677838415	1440677859454
EMS Scenario	8351387403939790198-97	USER	END	1440677838516	1440677859559
EMS Scenario	8351387403939790198-98	USER	END	1440677838617	1440677859656
EMS Scenario	8351387403939790198-99	USER	END	1440677838715	1440677859757
